<?xml version="1.0" encoding="UTF-8"?>
<!-- Generated by org.testng.reporters.JUnitXMLReporter -->
<testsuite hostname="Srikanths-MacBook-Pro.local" name="Default test" tests="3" failures="0" timestamp="21 Mar 2016 17:46:51 GMT" time="0.089" errors="0">
  <testcase name="message" time="0.032" classname="com.test.TestMathOps"/>
  <testcase name="testAdditon" time="0.002" classname="com.test.TestMathOps"/>
  <testcase name="testSubstraction" time="0.003" classname="com.test.TestMathOps"/>
</testsuite> <!-- Default test -->
