<?xml version="1.0" encoding="UTF-8"?>
<testng-results skipped="0" failed="0" total="3" passed="3">
  <reporter-output>
  </reporter-output>
  <suite name="Default suite" duration-ms="26" started-at="2016-03-22T10:16:21Z" finished-at="2016-03-22T10:16:21Z">
    <groups>
    </groups>
    <test name="Default test" duration-ms="26" started-at="2016-03-22T10:16:21Z" finished-at="2016-03-22T10:16:21Z">
      <class name="com.test.testng.TestMathOps">
        <test-method status="PASS" signature="message()[pri:0, instance:com.test.testng.TestMathOps@629f0666]" name="message" duration-ms="9" started-at="2016-03-22T15:46:21Z" finished-at="2016-03-22T15:46:21Z">
          <reporter-output>
          </reporter-output>
        </test-method> <!-- message -->
        <test-method status="PASS" signature="testAdditon()[pri:0, instance:com.test.testng.TestMathOps@629f0666]" name="testAdditon" duration-ms="1" started-at="2016-03-22T15:46:21Z" finished-at="2016-03-22T15:46:21Z">
          <reporter-output>
          </reporter-output>
        </test-method> <!-- testAdditon -->
        <test-method status="PASS" signature="testSubstraction()[pri:0, instance:com.test.testng.TestMathOps@629f0666]" name="testSubstraction" duration-ms="0" started-at="2016-03-22T15:46:21Z" finished-at="2016-03-22T15:46:21Z">
          <reporter-output>
          </reporter-output>
        </test-method> <!-- testSubstraction -->
      </class> <!-- com.test.testng.TestMathOps -->
    </test> <!-- Default test -->
  </suite> <!-- Default suite -->
</testng-results>
